Log file open, 08/05/18 16:30:19
LogWindows: Failed to load 'aqProf.dll' (GetLastError=126)
LogWindows: File 'aqProf.dll' does not exist
LogWindows: Failed to load 'VtuneApi.dll' (GetLastError=126)
LogWindows: File 'VtuneApi.dll' does not exist
LogWindows: Failed to load 'VtuneApi32e.dll' (GetLastError=126)
LogWindows: File 'VtuneApi32e.dll' does not exist
LogInit: Display: Running engine for game: MyProject
LogPlatformFile: Not using cached read wrapper
LogTaskGraph: Started task graph with 5 named threads and 11 total threads with 3 sets of task threads.
LogStats: Stats thread started at 0.181547
LogD3D11RHI: Loaded GFSDK_Aftermath_Lib.x64.dll
LogICUInternationalization: Display: ICU TimeZone Detection - Raw Offset: +1:00, Platform Override: ''
LogPluginManager: Mounting plugin Paper2D
LogPluginManager: Mounting plugin AISupport
LogPluginManager: Mounting plugin LightPropagationVolume
LogPluginManager: Mounting plugin CLionSourceCodeAccess
LogPluginManager: Mounting plugin CodeLiteSourceCodeAccess
LogPluginManager: Mounting plugin GitSourceControl
LogPluginManager: Mounting plugin KDevelopSourceCodeAccess
LogPluginManager: Mounting plugin NullSourceCodeAccess
LogPluginManager: Mounting plugin PerforceSourceControl
LogPluginManager: Mounting plugin SubversionSourceControl
LogPluginManager: Mounting plugin UObjectPlugin
LogPluginManager: Mounting plugin VisualStudioCodeSourceCodeAccess
LogPluginManager: Mounting plugin VisualStudioSourceCodeAccess
LogPluginManager: Mounting plugin XCodeSourceCodeAccess
LogPluginManager: Mounting plugin AssetManagerEditor
LogPluginManager: Mounting plugin CryptoKeys
LogPluginManager: Mounting plugin DataValidation
LogPluginManager: Mounting plugin FacialAnimation
LogPluginManager: Mounting plugin GameplayTagsEditor
LogPluginManager: Mounting plugin MacGraphicsSwitching
LogPluginManager: Mounting plugin MeshEditor
LogPluginManager: Mounting plugin MobileLauncherProfileWizard
LogPluginManager: Mounting plugin PluginBrowser
LogPluginManager: Mounting plugin SpeedTreeImporter
LogPluginManager: Mounting plugin DatasmithContent
LogPluginManager: Mounting plugin AlembicImporter
LogPluginManager: Mounting plugin AppleImageUtils
LogPluginManager: Mounting plugin AppleVision
LogPluginManager: Mounting plugin BackChannel
LogPluginManager: Mounting plugin CharacterAI
LogPluginManager: Mounting plugin GeometryCache
LogPluginManager: Mounting plugin HTML5Networking
LogPluginManager: Mounting plugin ProxyLODPlugin
LogPluginManager: Mounting plugin MagicLeap
LogPluginManager: Mounting plugin MagicLeapEmulator
LogPluginManager: Mounting plugin MagicLeapMedia
LogPluginManager: Mounting plugin AndroidMedia
LogPluginManager: Mounting plugin AvfMedia
LogPluginManager: Mounting plugin ImgMedia
LogPluginManager: Mounting plugin LinearTimecode
LogPluginManager: Mounting plugin MediaCompositing
LogPluginManager: Mounting plugin MediaPlayerEditor
LogPluginManager: Mounting plugin WmfMedia
LogPluginManager: Mounting plugin TcpMessaging
LogPluginManager: Mounting plugin UdpMessaging
LogPluginManager: Mounting plugin ActorSequence
LogPluginManager: Mounting plugin LevelSequenceEditor
LogPluginManager: Mounting plugin MatineeToLevelSequence
LogPluginManager: Mounting plugin NetcodeUnitTest
LogPluginManager: Mounting plugin NUTUnrealEngine4
LogPluginManager: Mounting plugin OnlineSubsystemGooglePlay
LogPluginManager: Mounting plugin OnlineSubsystemIOS
LogPluginManager: Mounting plugin OnlineSubsystem
LogPluginManager: Mounting plugin OnlineSubsystemNull
LogPluginManager: Mounting plugin OnlineSubsystemUtils
LogPluginManager: Mounting plugin LauncherChunkInstaller
LogPluginManager: Mounting plugin AndroidDeviceProfileSelector
LogPluginManager: Mounting plugin AndroidMoviePlayer
LogPluginManager: Mounting plugin AndroidPermission
LogPluginManager: Mounting plugin AppleMoviePlayer
LogPluginManager: Mounting plugin ArchVisCharacter
LogPluginManager: Mounting plugin AudioCapture
LogPluginManager: Mounting plugin CableComponent
LogPluginManager: Mounting plugin CustomMeshComponent
LogPluginManager: Mounting plugin EditableMesh
LogPluginManager: Mounting plugin ExampleDeviceProfileSelector
LogPluginManager: Mounting plugin GoogleCloudMessaging
LogPluginManager: Mounting plugin ImmediatePhysics
LogPluginManager: Mounting plugin IOSDeviceProfileSelector
LogPluginManager: Mounting plugin LinuxDeviceProfileSelector
LogPluginManager: Mounting plugin LocationServicesBPLibrary
LogPluginManager: Mounting plugin MobilePatchingUtils
LogPluginManager: Mounting plugin OculusVR
LogPluginManager: Plugin shader directory ../../../Engine/Plugins/Runtime/Oculus/OculusVR/Shaders found
LogPluginManager: Mapping shader source directory ../../../Engine/Plugins/Runtime/Oculus/OculusVR/Shaders to virtual directory /Plugin/OculusVR
LogPluginManager: Mounting plugin PhysXVehicles
LogPluginManager: Mounting plugin ProceduralMeshComponent
LogPluginManager: Mounting plugin RuntimePhysXCooking
LogPluginManager: Mounting plugin SteamVR
LogPluginManager: Mounting plugin WindowsMoviePlayer
LogStreaming: Display: Took  0.167s to configure plugins.
LogInit: Using libcurl 7.55.1-DEV
LogInit:  - built for x86_64-pc-win32
LogInit:  - supports SSL with OpenSSL/1.0.2h
LogInit:  - supports HTTP deflate (compression) using libz 1.2.8
LogInit:  - other features:
LogInit:      CURL_VERSION_SSL
LogInit:      CURL_VERSION_LIBZ
LogInit:      CURL_VERSION_IPV6
LogInit:      CURL_VERSION_ASYNCHDNS
LogInit:      CURL_VERSION_LARGEFILE
LogInit:      CURL_VERSION_IDN
LogInit:  CurlRequestOptions (configurable via config and command line):
LogInit:  - bVerifyPeer = false  - Libcurl will NOT verify peer certificate
LogInit:  - bUseHttpProxy = false  - Libcurl will NOT use HTTP proxy
LogInit:  - bDontReuseConnections = false  - Libcurl will reuse connections
LogInit:  - CertBundlePath = nullptr  - Libcurl will use whatever was configured at build time.
LogInit:  - MaxHostConnections = 16  - Libcurl will limit the number of connections to a host
LogInit:  - LocalHostAddr = Default
LogInit:  - BufferSize = 65536
LogInit: WinSock: version 1.1 (2.2), MaxSocks=32767, MaxUdp=65467
LogInit: Build: ++UE4+Release-4.20-CL-4233996
LogInit: Engine Version: 4.20.1-4233996+++UE4+Release-4.20
LogInit: Compatible Engine Version: 4.20.0-4212847+++UE4+Release-4.20
LogInit: Net CL: 4212847
LogInit: OS: Windows 10 (), CPU: Intel(R) Core(TM) m3-7Y30 CPU @ 1.00GHz, GPU: Intel(R) HD Graphics 615
LogInit: Compiled (64-bit): Jul 26 2018 10:07:30
LogInit: Compiled with Visual C++: 19.13.26129.00
LogInit: Build Configuration: Development
LogInit: Branch Name: ++UE4+Release-4.20
LogInit: Command Line:  
LogInit: Base Directory: C:/Program Files/Epic Games/UE_4.20/Engine/Binaries/Win64/
LogInit: Installed Engine Build: 1
LogDevObjectVersion: Number of dev versions registered: 20
LogDevObjectVersion:   Dev-Blueprints (B0D832E4-1F89-4F0D-ACCF-7EB736FD4AA2): 10
LogDevObjectVersion:   Dev-Build (E1C64328-A22C-4D53-A36C-8E866417BD8C): 0
LogDevObjectVersion:   Dev-Core (375EC13C-06E4-48FB-B500-84F0262A717E): 2
LogDevObjectVersion:   Dev-Editor (E4B068ED-F494-42E9-A231-DA0B2E46BB41): 24
LogDevObjectVersion:   Dev-Framework (CFFC743F-43B0-4480-9391-14DF171D2073): 34
LogDevObjectVersion:   Dev-Mobile (B02B49B5-BB20-44E9-A304-32B752E40360): 2
LogDevObjectVersion:   Dev-Networking (A4E4105C-59A1-49B5-A7C5-40C4547EDFEE): 0
LogDevObjectVersion:   Dev-Online (39C831C9-5AE6-47DC-9A44-9C173E1C8E7C): 0
LogDevObjectVersion:   Dev-Physics (78F01B33-EBEA-4F98-B9B4-84EACCB95AA2): 0
LogDevObjectVersion:   Dev-Platform (6631380F-2D4D-43E0-8009-CF276956A95A): 0
LogDevObjectVersion:   Dev-Rendering (12F88B9F-8875-4AFC-A67C-D90C383ABD29): 26
LogDevObjectVersion:   Dev-Sequencer (7B5AE74C-D270-4C10-A958-57980B212A5A): 9
LogDevObjectVersion:   Dev-VR (D7296918-1DD6-4BDD-9DE2-64A83CC13884): 2
LogDevObjectVersion:   Dev-LoadTimes (C2A15278-BFE7-4AFE-6C17-90FF531DF755): 1
LogDevObjectVersion:   Private-Geometry (6EACA3D4-40EC-4CC1-B786-8BED09428FC5): 3
LogDevObjectVersion:   Dev-AnimPhys (29E575DD-E0A3-4627-9D10-D276232CDCEA): 17
LogDevObjectVersion:   Dev-ReflectionCapture (6B266CEC-1EC7-4B8F-A30B-E4D90942FC07): 1
LogDevObjectVersion:   Dev-Automation (0DF73D61-A23F-47EA-B727-89E90C41499A): 1
LogDevObjectVersion:   FortniteMain (601D1886-AC64-4F84-AA16-D3DE0DEAC7D6): 12
LogDevObjectVersion:   Dev-Enterprise (9DFFBCD6-494F-0158-E221-12823C92A888): 1
LogStreaming: Display: Took  0.000s to delete old logs.
LogInit: Presizing for max 8388607 objects, including 0 objects not considered by GC, pre-allocating 0 bytes for permanent pool.
LogInit: Object subsystem initialized
[2018.08.05-14.30.19:466][  0]LogInit: Selected Device Profile: [Windows]
[2018.08.05-14.30.19:466][  0]LogInit: Applying CVar settings loaded from the selected device profile: [Windows]
[2018.08.05-14.30.19:489][  0]LogHAL: Display: Platform has ~ 8 GB [8464805888 / 8589934592 / 8], which maps to Default [LargestMinGB=32, LargerMinGB=12, DefaultMinGB=8, SmallerMinGB=6, SmallestMinGB=0)
[2018.08.05-14.30.19:489][  0]LogInit: Setting Device Profile CVar: [[r.Vulkan.UseRealUBs:1]]
[2018.08.05-14.30.19:489][  0]LogInit: Going up to parent DeviceProfile []
[2018.08.05-14.30.19:489][  0]LogInit: Computer: LAPTOP-5RQ0SVJ1
[2018.08.05-14.30.19:489][  0]LogInit: User: grogen
[2018.08.05-14.30.19:489][  0]LogInit: CPU Page size=4096, Cores=2
[2018.08.05-14.30.19:490][  0]LogInit: High frequency timer resolution =1.570315 MHz
[2018.08.05-14.30.19:490][  0]LogMemory: Memory total: Physical=7.9GB (8GB approx)
[2018.08.05-14.30.19:490][  0]LogMemory: Platform Memory Stats for Windows
[2018.08.05-14.30.19:490][  0]LogMemory: Process Physical Memory: 99.20 MB used, 99.20 MB peak
[2018.08.05-14.30.19:490][  0]LogMemory: Process Virtual Memory: 82.58 MB used, 82.58 MB peak
[2018.08.05-14.30.19:490][  0]LogMemory: Physical Memory: 4311.22 MB used,  3761.45 MB free, 8072.67 MB total
[2018.08.05-14.30.19:490][  0]LogMemory: Virtual Memory: 4618.75 MB used,  3761.45 MB free, 134217728.00 MB total
[2018.08.05-14.30.19:511][  0]LogInit: Using OS detected language (sv-SE).
[2018.08.05-14.30.19:511][  0]LogInit: Using OS detected locale (sv-SE).
[2018.08.05-14.30.19:513][  0]LogTextLocalizationManager: No localization for 'sv-SE' exists, so 'en' will be used for the language.
[2018.08.05-14.30.20:116][  0]LogStreaming: Display: Took  0.605s to InitEngineTextLocalization.
[2018.08.05-14.30.20:116][  0]LogInit: Setting process to per monitor DPI aware
[2018.08.05-14.30.20:147][  0]LogSlate: New Slate User Created.  User Index 0, Is Virtual User: 0
[2018.08.05-14.30.20:147][  0]LogSlate: Slate User Registered.  User Index 0, Is Virtual User: 0
[2018.08.05-14.30.20:476][  0]LogHMD: Failed to initialize OpenVR with code 110
[2018.08.05-14.30.20:476][  0]LogD3D11RHI: D3D11 adapters:
[2018.08.05-14.30.20:488][  0]LogD3D11RHI:    0. 'Intel(R) HD Graphics 615' (Feature Level 11_0)
[2018.08.05-14.30.20:488][  0]LogD3D11RHI:       128/0/4036 MB DedicatedVideo/DedicatedSystem/SharedSystem, Outputs:1, VendorId:0x8086
[2018.08.05-14.30.20:491][  0]LogD3D11RHI:    1. 'Microsoft Basic Render Driver' (Feature Level 11_0)
[2018.08.05-14.30.20:491][  0]LogD3D11RHI:       0/0/4036 MB DedicatedVideo/DedicatedSystem/SharedSystem, Outputs:0, VendorId:0x1414
[2018.08.05-14.30.20:491][  0]LogD3D11RHI: Chosen D3D11 Adapter: 0
[2018.08.05-14.30.20:498][  0]LogD3D11RHI: Creating new Direct3DDevice
[2018.08.05-14.30.20:498][  0]LogD3D11RHI:     GPU DeviceId: 0x591e (for the marketing name, search the web for "GPU Device Id")
[2018.08.05-14.30.20:498][  0]LogWindows: EnumDisplayDevices:
[2018.08.05-14.30.20:499][  0]LogWindows:    0. 'Intel(R) HD Graphics 615' (P:1 D:1)
[2018.08.05-14.30.20:499][  0]LogWindows:    1. 'Intel(R) HD Graphics 615' (P:0 D:0)
[2018.08.05-14.30.20:499][  0]LogWindows:    2. 'Intel(R) HD Graphics 615' (P:0 D:0)
[2018.08.05-14.30.20:500][  0]LogWindows: DebugString: FoundDriverCount:3 
[2018.08.05-14.30.20:500][  0]LogD3D11RHI:     Adapter Name: Intel(R) HD Graphics 615
[2018.08.05-14.30.20:500][  0]LogD3D11RHI:   Driver Version: 21.20.16.4550 (internal:21.20.16.4550, unified:21.20.16.4550)
[2018.08.05-14.30.20:500][  0]LogD3D11RHI:      Driver Date: 11-11-2016
[2018.08.05-14.30.20:500][  0]LogRHI: Texture pool is 1502 MB (70% of 2146 MB)
[2018.08.05-14.30.20:508][  0]LogD3D11RHI: Async texture creation enabled
[2018.08.05-14.30.20:517][  0]LogD3D11RHI: GPU Timing Frequency: 12.000000 (Debug: 2 0)
[2018.08.05-14.30.20:518][  0]LogShaderCompilers: Guid format shader working directory is -14 characters bigger than the processId version (../../../../../../Users/grogen/Documents/u4projekt/MyProject/Intermediate/Shaders/WorkingDirectory/12956/).
[2018.08.05-14.30.20:519][  0]LogShaderCompilers: Cleaned the shader compiler working directory 'C:/Users/grogen/AppData/Local/Temp/UnrealShaderWorkingDir/59E22C90466C3F47C72ED4AEC8CF7D77/'.
[2018.08.05-14.30.20:919][  0]LogTemp: Display: Loaded TP AllDesktopTargetPlatform
[2018.08.05-14.30.20:937][  0]LogTemp: Display: Loaded TP MacClientTargetPlatform
[2018.08.05-14.30.20:955][  0]LogTemp: Display: Loaded TP MacNoEditorTargetPlatform
[2018.08.05-14.30.20:973][  0]LogTemp: Display: Loaded TP MacServerTargetPlatform
[2018.08.05-14.30.20:991][  0]LogTemp: Display: Loaded TP MacTargetPlatform
[2018.08.05-14.30.21:009][  0]LogTemp: Display: Loaded TP WindowsClientTargetPlatform
[2018.08.05-14.30.21:026][  0]LogTemp: Display: Loaded TP WindowsNoEditorTargetPlatform
[2018.08.05-14.30.21:045][  0]LogTemp: Display: Loaded TP WindowsServerTargetPlatform
[2018.08.05-14.30.21:053][  0]LogTemp: Display: Loaded TP WindowsTargetPlatform
[2018.08.05-14.30.21:153][  0]LogTemp: Display: Loaded TP AndroidTargetPlatform
[2018.08.05-14.30.21:154][  0]LogTemp: Display: Loaded TP AndroidTargetPlatform
[2018.08.05-14.30.21:154][  0]LogTemp: Display: Loaded TP AndroidTargetPlatform
[2018.08.05-14.30.21:154][  0]LogTemp: Display: Loaded TP AndroidTargetPlatform
[2018.08.05-14.30.21:154][  0]LogTemp: Display: Loaded TP AndroidTargetPlatform
[2018.08.05-14.30.21:154][  0]LogTemp: Display: Loaded TP AndroidTargetPlatform
[2018.08.05-14.30.21:154][  0]LogTemp: Display: Loaded TP AndroidTargetPlatform
[2018.08.05-14.30.21:154][  0]LogTemp: Display: Loaded TP AndroidTargetPlatform
[2018.08.05-14.30.21:154][  0]LogTemp: Display: Loaded TP AndroidTargetPlatform
[2018.08.05-14.30.21:154][  0]LogTemp: Display: Loaded TP AndroidTargetPlatform
[2018.08.05-14.30.21:154][  0]LogTemp: Display: Loaded TP AndroidTargetPlatform
[2018.08.05-14.30.21:154][  0]LogTemp: Display: Loaded TP AndroidTargetPlatform
[2018.08.05-14.30.21:154][  0]LogTemp: Display: Loaded TP AndroidTargetPlatform
[2018.08.05-14.30.21:154][  0]LogTemp: Display: Loaded TP AndroidTargetPlatform
[2018.08.05-14.30.21:154][  0]LogTemp: Display: Loaded TP AndroidTargetPlatform
[2018.08.05-14.30.21:154][  0]LogTemp: Display: Loaded TP AndroidTargetPlatform
[2018.08.05-14.30.21:154][  0]LogTemp: Display: Loaded TP AndroidTargetPlatform
[2018.08.05-14.30.21:154][  0]LogTemp: Display: Loaded TP AndroidTargetPlatform
[2018.08.05-14.30.21:155][  0]LogTemp: Display: Loaded TP HTML5TargetPlatform
[2018.08.05-14.30.21:227][  0]LogTemp: Display: Loaded TP IOSTargetPlatform
[2018.08.05-14.30.21:227][  0]LogTemp: Display: Loaded TP IOSTargetPlatform
[2018.08.05-14.30.21:257][  0]LogTemp: Display: Loaded TP TVOSTargetPlatform
[2018.08.05-14.30.21:257][  0]LogTemp: Display: Loaded TP TVOSTargetPlatform
[2018.08.05-14.30.21:274][  0]LogTemp: Display: Loaded TP LinuxClientTargetPlatform
[2018.08.05-14.30.21:290][  0]LogTemp: Display: Loaded TP LinuxNoEditorTargetPlatform
[2018.08.05-14.30.21:306][  0]LogTemp: Display: Loaded TP LinuxServerTargetPlatform
[2018.08.05-14.30.21:323][  0]LogTemp: Display: Loaded TP LinuxTargetPlatform
[2018.08.05-14.30.21:334][  0]LogTemp: Display: Loaded TP LuminTargetPlatform
[2018.08.05-14.30.21:334][  0]LogTargetPlatformManager: Display: Building Assets For Windows
[2018.08.05-14.30.21:423][  0]LogXGEController: Cleaning working directory: C:/Users/grogen/AppData/Local/Temp/UnrealXGEWorkingDir/
[2018.08.05-14.30.21:423][  0]LogXGEController: Cannot use XGE Controller as Incredibuild is not installed on this machine.
[2018.08.05-14.30.21:423][  0]LogShaderCompilers: Cannot use XGE Shader Compiler as Incredibuild is not installed on this machine.
[2018.08.05-14.30.21:423][  0]LogShaderCompilers: Display: Using Local Shader Compiler.
[2018.08.05-14.30.22:428][  0]LogDerivedDataCache: Display: Max Cache Size: 512 MB
[2018.08.05-14.30.22:504][  0]LogDerivedDataCache: Loaded boot cache 0.08s 71MB C:/Users/grogen/AppData/Local/UnrealEngine/4.20/DerivedDataCache/Boot.ddc.
[2018.08.05-14.30.22:504][  0]LogDerivedDataCache: Display: Loaded Boot cache: C:/Users/grogen/AppData/Local/UnrealEngine/4.20/DerivedDataCache/Boot.ddc
[2018.08.05-14.30.22:505][  0]LogDerivedDataCache: FDerivedDataBackendGraph:  Pak pak cache file ../../../../../../Users/grogen/Documents/u4projekt/MyProject/DerivedDataCache/DDC.ddp not found, will not use a pak cache.
[2018.08.05-14.30.22:505][  0]LogDerivedDataCache: Unable to find inner node Pak for hierarchical cache Hierarchy.
[2018.08.05-14.30.22:505][  0]LogDerivedDataCache: FDerivedDataBackendGraph:  CompressedPak pak cache file ../../../../../../Users/grogen/Documents/u4projekt/MyProject/DerivedDataCache/Compressed.ddp not found, will not use a pak cache.
[2018.08.05-14.30.22:505][  0]LogDerivedDataCache: Unable to find inner node CompressedPak for hierarchical cache Hierarchy.
[2018.08.05-14.30.22:525][  0]LogDerivedDataCache: Display: Pak cache opened for reading ../../../Engine/DerivedDataCache/Compressed.ddp.
[2018.08.05-14.30.22:538][  0]LogDerivedDataCache: Using Local data cache path C:/Users/grogen/AppData/Local/UnrealEngine/Common/DerivedDataCache: Writable
[2018.08.05-14.30.22:538][  0]LogDerivedDataCache: Shared data cache path not found in *engine.ini, will not use an Shared cache.
[2018.08.05-14.30.22:538][  0]LogDerivedDataCache: Unable to find inner node Shared for hierarchical cache Hierarchy.
[2018.08.05-14.30.22:565][  0]LogMaterial: Verifying Global Shaders for PCD3D_SM5
[2018.08.05-14.30.22:567][  0]LogSlate: Using FreeType 2.6.0
[2018.08.05-14.30.22:567][  0]LogSlate: SlateFontServices - WITH_FREETYPE: 1, WITH_HARFBUZZ: 1
[2018.08.05-14.30.22:672][  0]LogAssetRegistry: FAssetRegistry took 0.0308 seconds to start up
[2018.08.05-14.30.23:149][  0]LogInit: Selected Device Profile: [Windows]
[2018.08.05-14.30.23:339][  0]LogSimplygon: Simplygon DLL not present - disabling.
[2018.08.05-14.30.23:344][  0]LogMeshReduction: Using SimplygonSwarm for distributed automatic mesh merging
[2018.08.05-14.30.23:344][  0]LogMeshReduction: Using ProxyLODMeshReduction for automatic mesh merging
[2018.08.05-14.30.23:344][  0]LogMeshReduction: Using QuadricMeshReduction for automatic static mesh reduction
[2018.08.05-14.30.23:344][  0]LogMeshReduction: No automatic skeletal mesh reduction module available
[2018.08.05-14.30.23:368][  0]LogNetVersion: MyProject 1.0.0, NetCL: 4212847, EngineNetVer: 5, GameNetVer: 0 (Checksum: 1110078900)
[2018.08.05-14.30.24:184][  0]LogPackageLocalizationCache: Processed 11 localized package path(s) for 1 prioritized culture(s) in 0.120712 seconds
[2018.08.05-14.30.24:197][  0]LogUObjectArray: 38425 objects as part of root set at end of initial load.
[2018.08.05-14.30.24:198][  0]LogUObjectAllocator: 6690864 out of 0 bytes used by permanent object pool.
[2018.08.05-14.30.24:198][  0]LogUObjectArray: CloseDisregardForGC: 0/0 objects in disregard for GC pool
[2018.08.05-14.30.25:410][  0]LogTcpMessaging: Initializing TcpMessaging bridge
[2018.08.05-14.30.25:425][  0]LogUdpMessaging: Initializing bridge on interface 0.0.0.0:0 to multicast group 230.0.0.1:6666.
[2018.08.05-14.30.25:610][  0]SourceControl: Source control is disabled
[2018.08.05-14.30.25:610][  0]SourceControl: Source control is disabled
[2018.08.05-14.30.25:612][  0]SourceControl: Source control is disabled
[2018.08.05-14.30.25:613][  0]SourceControl: Source control is disabled
[2018.08.05-14.30.25:800][  0]LogAndroidPermission: UAndroidPermissionCallbackProxy::GetInstance
[2018.08.05-14.30.25:918][  0]LogOcInput: OculusInput pre-init called
[2018.08.05-14.30.25:993][  0]LogEngine: Initializing Engine...
[2018.08.05-14.30.25:994][  0]LogHMD: Failed to initialize OpenVR with code 110
[2018.08.05-14.30.25:996][  0]LogStats: UGameplayTagsManager::ConstructGameplayTagTree: ImportINI prefixes -  0.000 s
[2018.08.05-14.30.25:996][  0]LogStats: UGameplayTagsManager::ConstructGameplayTagTree: Construct from data asset -  0.000 s
[2018.08.05-14.30.25:996][  0]LogStats: UGameplayTagsManager::ConstructGameplayTagTree: ImportINI -  0.000 s
[2018.08.05-14.30.25:996][  0]LogStats: UGameplayTagsManager::ConstructGameplayTagTree: GameplayTagTreeChangedEvent.Broadcast -  0.000 s
[2018.08.05-14.30.26:275][  0]LogInit: Initializing FReadOnlyCVARCache
[2018.08.05-14.30.26:294][  0]LogAIModule: Creating AISystem for world Untitled
[2018.08.05-14.30.26:312][  0]LogInit: XAudio2 using 'Speakers (Realtek High Definition Audio)' : 2 channels at 48 kHz using 32 bits per sample (channel mask 0x3)
[2018.08.05-14.30.26:353][  0]LogInit: FAudioDevice initialized.
[2018.08.05-14.30.26:354][  0]LogNetVersion: Set ProjectVersion to 1.0.0.0. Version Checksum will be recalculated on next use.
[2018.08.05-14.30.26:449][  0]LogDerivedDataCache: Saved boot cache 0.10s 71MB C:/Users/grogen/AppData/Local/UnrealEngine/4.20/DerivedDataCache/Boot.ddc.
[2018.08.05-14.30.26:476][  0]LogInit: Texture streaming: Enabled
[2018.08.05-14.30.26:499][  0]LogEngineSessionManager: EngineSessionManager initialized
[2018.08.05-14.30.26:517][  0]LogInit: Transaction tracking system initialized
[2018.08.05-14.30.26:550][  0]BlueprintLog: New page: Editor Load
[2018.08.05-14.30.26:650][  0]LocalizationService: Localization service is disabled
[2018.08.05-14.30.27:020][  0]LogCook: Display: Max memory allowance for cook 16384mb min free memory 0mb
[2018.08.05-14.30.27:020][  0]LogCook: Display: Mobile HDR setting 1
[2018.08.05-14.30.27:020][  0]LogGameplayTags: Display: UGameplayTagsManager::DoneAddingNativeTags. DelegateIsBound: 0
[2018.08.05-14.30.27:020][  0]LogStats: UGameplayTagsManager::ConstructGameplayTagTree: ImportINI prefixes -  0.000 s
[2018.08.05-14.30.27:020][  0]LogStats: UGameplayTagsManager::ConstructGameplayTagTree: Construct from data asset -  0.000 s
[2018.08.05-14.30.27:021][  0]LogStats: UGameplayTagsManager::ConstructGameplayTagTree: ImportINI -  0.000 s
[2018.08.05-14.30.27:021][  0]LogStats: UGameplayTagsManager::ConstructGameplayTagTree: GameplayTagTreeChangedEvent.Broadcast -  0.000 s
[2018.08.05-14.30.27:123][  0]LogFileCache: Scanning file cache for directory 'C:/Users/grogen/Documents/u4projekt/MyProject/Content/' took 0.02s
[2018.08.05-14.30.27:198][  0]SourceControl: Source control is disabled
[2018.08.05-14.30.27:198][  0]Cmd: MAP LOAD FILE="../../../../../../Users/grogen/Documents/u4projekt/MyProject/Content/StarterContent/Maps/Minimal_Default.umap" TEMPLATE=0 SHOWPROGRESS=1 FEATURELEVEL=3
[2018.08.05-14.30.27:199][  0]LightingResults: New page: Lighting Build
[2018.08.05-14.30.27:203][  0]MapCheck: New page: Map Check
[2018.08.05-14.30.27:203][  0]LightingResults: New page: Lighting Build
[2018.08.05-14.30.27:798][  0]LogAIModule: Creating AISystem for world Minimal_Default
[2018.08.05-14.30.27:809][  0]LogEditorServer: Finished looking for orphan Actors (0.000 secs)
[2018.08.05-14.30.27:871][  0]Cmd: MAP CHECKDEP NOCLEARLOG
[2018.08.05-14.30.27:953][  0]MapCheck: Map check complete: 0 Error(s), 0 Warning(s), took 81,167ms to complete.
[2018.08.05-14.30.27:953][  0]LogFileHelpers: Loading map 'Minimal_Default' took 0.754
[2018.08.05-14.30.28:062][  0]LogSlate: Updating window title bar state: overlay mode, drag disabled, window buttons hidden, title bar hidden
[2018.08.05-14.30.28:071][  0]LogSlate: Updating window title bar state: overlay mode, drag disabled, window buttons hidden, title bar hidden
[2018.08.05-14.30.28:080][  0]LogSlate: Updating window title bar state: overlay mode, drag disabled, window buttons hidden, title bar hidden
[2018.08.05-14.30.28:089][  0]LogSlate: Updating window title bar state: overlay mode, drag disabled, window buttons hidden, title bar hidden
[2018.08.05-14.30.28:097][  0]LogCollectionManager: Loaded 0 collections in 0.002395 seconds
[2018.08.05-14.30.28:141][  0]LogFileCache: Scanning file cache for directory 'C:/Users/grogen/Documents/u4projekt/MyProject/Saved/Collections/' took 0.01s
[2018.08.05-14.30.28:141][  0]LogFileCache: Scanning file cache for directory 'C:/Users/grogen/Documents/u4projekt/MyProject/Content/Developers/grogen/Collections/' took 0.01s
[2018.08.05-14.30.28:141][  0]LogFileCache: Scanning file cache for directory 'C:/Users/grogen/Documents/u4projekt/MyProject/Content/Collections/' took 0.01s
[2018.08.05-14.30.28:141][  0]LogCollectionManager: Rebuilt the GUID cache for 0 collections in 0.000001 seconds
[2018.08.05-14.30.28:153][  0]LogContentBrowser: Native class hierarchy populated in 0.0114 seconds. Added 2572 classes and 603 folders.
[2018.08.05-14.30.28:162][  0]LogContentBrowser: Native class hierarchy updated for 'WidgetCarousel' in 0.0003 seconds. Added 0 classes and 0 folders.
[2018.08.05-14.30.28:219][  0]LogContentBrowser: Native class hierarchy updated for 'AddContentDialog' in 0.0003 seconds. Added 0 classes and 0 folders.
[2018.08.05-14.30.28:225][  0]LogContentBrowser: Native class hierarchy updated for 'SceneOutliner' in 0.0003 seconds. Added 1 classes and 2 folders.
[2018.08.05-14.30.28:244][  0]LogSlate: Took 0.000269 seconds to synchronously load lazily loaded font '../../../Engine/Content/Slate/Fonts/Roboto-Regular.ttf' (155K)
[2018.08.05-14.30.28:247][  0]LogSlate: Took 0.000303 seconds to synchronously load lazily loaded font '../../../Engine/Content/Slate/Fonts/Roboto-Bold.ttf' (160K)
[2018.08.05-14.30.28:256][  0]LogSlate: Took 0.000588 seconds to synchronously load lazily loaded font '../../../Engine/Content/Editor/Slate/Fonts/FontAwesome.ttf' (139K)
[2018.08.05-14.30.28:369][  0]LogRenderer: Reallocating scene render targets to support 688x284 Format 10 NumSamples 1 (Frame:1).
[2018.08.05-14.30.29:372][  0]LogContentBrowser: Native class hierarchy updated for 'HierarchicalLODOutliner' in 0.0003 seconds. Added 0 classes and 0 folders.
[2018.08.05-14.30.29:372][  0]LogLoad: (Engine Initialization) Total time: 11.86 seconds
[2018.08.05-14.30.29:372][  0]LogLoad: (Engine Initialization) Total Blueprint compile time: 0.00 seconds
[2018.08.05-14.30.29:401][  0]LogWindowsTextInputMethodSystem: Display: IME system now deactivated.
[2018.08.05-14.30.29:423][  0]LogContentStreaming: Texture pool size now 3000 MB
[2018.08.05-14.30.29:436][  0]LogSlate: Took 0.000231 seconds to synchronously load lazily loaded font '../../../Engine/Content/Slate/Fonts/Roboto-Light.ttf' (167K)
[2018.08.05-14.30.30:398][  1]LogAssetRegistry: Asset discovery search completed in 7.7493 seconds
[2018.08.05-14.30.30:401][  1]LogCollectionManager: Rebuilt the object cache for 0 collections in 0.000000 seconds (found 0 objects)
[2018.08.05-14.30.30:401][  1]LogCollectionManager: Fixed up redirectors for 0 collections in 0.000090 seconds (updated 0 objects)
[2018.08.05-14.31.21:202][376]LogSlate: FSceneViewport::OnFocusLost() reason 2
[2018.08.05-14.31.41:307][973]LogSlate: Window 'Open Level' being destroyed
[2018.08.05-14.31.44:625][ 33]LogSlate: Took 0.000444 seconds to synchronously load lazily loaded font '../../../Engine/Content/Slate/Fonts/Roboto-Light.ttf' (167K)
[2018.08.05-14.31.45:671][ 33]LogAIModule: Creating AISystem for world Advanced_Lighting
[2018.08.05-14.31.45:687][ 33]LogAssetEditorManager: Opening Asset editor for World /Game/StarterContent/Maps/Advanced_Lighting.Advanced_Lighting
[2018.08.05-14.31.45:778][ 33]Cmd: MAP LOAD FILE="../../../../../../Users/grogen/Documents/u4projekt/MyProject/Content/StarterContent/Maps/Advanced_Lighting.umap" TEMPLATE=0 SHOWPROGRESS=1 FEATURELEVEL=3
[2018.08.05-14.31.45:778][ 33]LightingResults: New page: Lighting Build
[2018.08.05-14.31.45:779][ 33]LoadErrors: New page: Loading map: Advanced_Lighting.umap
[2018.08.05-14.31.45:780][ 33]MapCheck: New page: Map Check
[2018.08.05-14.31.45:780][ 33]LightingResults: New page: Lighting Build
[2018.08.05-14.31.45:813][ 33]LogEditorServer: Finished looking for orphan Actors (0.000 secs)
[2018.08.05-14.31.45:862][ 33]Cmd: MAP CHECKDEP NOCLEARLOG
[2018.08.05-14.31.45:949][ 33]MapCheck: Map check complete: 0 Error(s), 0 Warning(s), took 85,911ms to complete.
[2018.08.05-14.31.45:950][ 33]LogFileHelpers: Loading map 'Advanced_Lighting' took 0.174
[2018.08.05-14.31.55:373][191]LogAIModule: Creating AISystem for world Minimal_Default
[2018.08.05-14.31.55:377][191]LogAssetEditorManager: Opening Asset editor for World /Game/StarterContent/Maps/Minimal_Default.Minimal_Default
[2018.08.05-14.31.55:402][191]Cmd: MAP LOAD FILE="../../../../../../Users/grogen/Documents/u4projekt/MyProject/Content/StarterContent/Maps/Minimal_Default.umap" TEMPLATE=0 SHOWPROGRESS=1 FEATURELEVEL=3
[2018.08.05-14.31.55:402][191]LightingResults: New page: Lighting Build
[2018.08.05-14.31.55:403][191]LoadErrors: New page: Loading map: Minimal_Default.umap
[2018.08.05-14.31.55:404][191]MapCheck: New page: Map Check
[2018.08.05-14.31.55:404][191]LightingResults: New page: Lighting Build
[2018.08.05-14.31.55:432][191]LogEditorServer: Finished looking for orphan Actors (0.000 secs)
[2018.08.05-14.31.55:481][191]Cmd: MAP CHECKDEP NOCLEARLOG
[2018.08.05-14.31.55:567][191]MapCheck: Map check complete: 0 Error(s), 0 Warning(s), took 85,977ms to complete.
[2018.08.05-14.31.55:567][191]LogFileHelpers: Loading map 'Minimal_Default' took 0.166
[2018.08.05-14.32.00:167][235]LogAIModule: Creating AISystem for world StarterMap
[2018.08.05-14.32.00:285][235]LogAssetEditorManager: Opening Asset editor for World /Game/StarterContent/Maps/StarterMap.StarterMap
[2018.08.05-14.32.00:400][235]Cmd: MAP LOAD FILE="../../../../../../Users/grogen/Documents/u4projekt/MyProject/Content/StarterContent/Maps/StarterMap.umap" TEMPLATE=0 SHOWPROGRESS=1 FEATURELEVEL=3
[2018.08.05-14.32.00:400][235]LightingResults: New page: Lighting Build
[2018.08.05-14.32.00:401][235]LoadErrors: New page: Loading map: StarterMap.umap
[2018.08.05-14.32.00:402][235]MapCheck: New page: Map Check
[2018.08.05-14.32.00:402][235]LightingResults: New page: Lighting Build
[2018.08.05-14.32.01:055][235]LogEditorServer: Finished looking for orphan Actors (0.000 secs)
[2018.08.05-14.32.01:105][235]Cmd: MAP CHECKDEP NOCLEARLOG
[2018.08.05-14.32.01:239][235]MapCheck: Map check complete: 0 Error(s), 0 Warning(s), took 133,81ms to complete.
[2018.08.05-14.32.01:241][235]LogFileHelpers: Loading map 'StarterMap' took 0.842
[2018.08.05-14.32.42:035][653]LogSlate: FSceneViewport::OnFocusLost() reason 2
[2018.08.05-14.32.48:981][729]LogEditorViewport: Clicking on Actor (LMB): StaticMeshActor (MaterialSphere_26)
[2018.08.05-14.32.50:712][746]LogEditorViewport: Clicking on Actor (LMB): StaticMeshActor (Floor_31)
[2018.08.05-14.32.52:950][773]LogEditorViewport: Clicking on Actor (LMB): StaticMeshActor (MaterialSphere_26)
[2018.08.05-14.33.10:139][945]LogSlate: FSceneViewport::OnFocusLost() reason 2
[2018.08.05-14.33.11:300][998]LogSlate: FSceneViewport::OnFocusLost() reason 2
[2018.08.05-14.33.12:550][998]LogSlate: Window 'New Level' being destroyed
[2018.08.05-14.33.12:566][998]LightingResults: New page: Lighting Build
[2018.08.05-14.33.12:574][998]MapCheck: New page: Map Check
[2018.08.05-14.33.12:574][998]LightingResults: New page: Lighting Build
[2018.08.05-14.33.12:626][998]LogAIModule: Creating AISystem for world Untitled
[2018.08.05-14.33.12:629][998]LoadErrors: New page: New Map
[2018.08.05-14.33.12:803][  4]LogEditorViewport: Clicking Background
[2018.08.05-14.33.26:207][429]LogSlate: FSceneViewport::OnFocusLost() reason 2
[2018.08.05-14.33.47:556][ 52]LogSlate: FSceneViewport::OnFocusLost() reason 0
[2018.08.05-14.34.00:539][ 56]LogSlate: Window 'Save Level As' being destroyed
[2018.08.05-14.34.00:733][ 56]Cmd: OBJ SAVEPACKAGE PACKAGE="/Game/StarterContent/MyMap" FILE="../../../../../../Users/grogen/Documents/u4projekt/MyProject/Content/StarterContent/MyMap.umap" SILENT=true AUTOSAVING=false KEEPDIRTY=false
[2018.08.05-14.34.00:778][ 56]LogSavePackage: Moving '../../../../../../Users/grogen/Documents/u4projekt/MyProject/Saved/MyMap788BE0794A4C57D4FEA18C888A26CC07.tmp' to '../../../../../../Users/grogen/Documents/u4projekt/MyProject/Content/StarterContent/MyMap.umap'
[2018.08.05-14.34.00:814][ 56]LogFileHelpers: Saving map 'MyMap' took 0.260
[2018.08.05-14.34.12:338][523]LogSavePackage: Moving '../../../../../../Users/grogen/Documents/u4projekt/MyProject/Saved/MyMap3DD7A45E41251E6A921217A97DF5EFEC.tmp' to '../../../../../../Users/grogen/Documents/u4projekt/MyProject/Content/StarterContent/Maps/MyMap.umap'
[2018.08.05-14.34.12:363][523]LogFileHelpers: Saving map 'MyMap' took 0.198
[2018.08.05-14.36.18:607][106]Cmd: BRUSH ADD SELECTNEWBRUSH
[2018.08.05-14.36.33:219][581]LogSlate: FSceneViewport::OnFocusLost() reason 0
[2018.08.05-14.36.33:383][584]LogSavePackage: Moving '../../../../../../Users/grogen/Documents/u4projekt/MyProject/Saved/MyMap9829535D497A011C72C1FB9CDF2DED29.tmp' to '../../../../../../Users/grogen/Documents/u4projekt/MyProject/Content/StarterContent/Maps/MyMap.umap'
[2018.08.05-14.37.01:716][801]Cmd: CAMERA ALIGN ACTIVEVIEWPORTONLY
[2018.08.05-14.37.28:655][804]LogWindows: LaunchURL http://docs.unrealengine.com/latest/INT/Engine/Actors/Brushes/index.html?utm_source=editor&utm_medium=docs&utm_campaign=rightclick_viewdoc
[2018.08.05-14.38.07:984][884]LogSlate: FSceneViewport::OnFocusLost() reason 0
[2018.08.05-14.38.50:591][259]LogSavePackage: Moving '../../../../../../Users/grogen/Documents/u4projekt/MyProject/Saved/MyMapF3280F7B40EDF697BC9922B65A08A9DD.tmp' to '../../../../../../Users/grogen/Documents/u4projekt/MyProject/Content/StarterContent/Maps/MyMap.umap'
[2018.08.05-14.38.53:662][356]LogEditorViewport: Clicking Background
[2018.08.05-14.38.57:353][464]LogSlate: FSceneViewport::OnFocusLost() reason 2
[2018.08.05-14.39.01:017][614]LogEditorViewport: Clicking Background
[2018.08.05-14.39.03:662][691]LogSlate: FSceneViewport::OnFocusLost() reason 2
[2018.08.05-14.39.31:327][ 68]LogEditorViewport: Clicking Background
[2018.08.05-14.39.33:807][144]LogSlate: FSceneViewport::OnFocusLost() reason 0
[2018.08.05-14.40.03:433][360]LogSavePackage: Moving '../../../../../../Users/grogen/Documents/u4projekt/MyProject/Saved/MyMap9E166D6742B901CFF3AFBFA63518F0CE.tmp' to '../../../../../../Users/grogen/Documents/u4projekt/MyProject/Content/StarterContent/Maps/MyMap.umap'
[2018.08.05-14.40.04:346][385]LogSavePackage: Moving '../../../../../../Users/grogen/Documents/u4projekt/MyProject/Saved/MyMapF10C479A4A70D4139C9B9D951279D907.tmp' to '../../../../../../Users/grogen/Documents/u4projekt/MyProject/Content/StarterContent/Maps/MyMap.umap'
[2018.08.05-14.40.04:813][397]LogSavePackage: Moving '../../../../../../Users/grogen/Documents/u4projekt/MyProject/Saved/MyMapD708804B445331B90BD598ADC30FA608.tmp' to '../../../../../../Users/grogen/Documents/u4projekt/MyProject/Content/StarterContent/Maps/MyMap.umap'
[2018.08.05-14.40.05:163][405]LogSavePackage: Moving '../../../../../../Users/grogen/Documents/u4projekt/MyProject/Saved/MyMap3B36321C448EE032A3317C8614B4EE03.tmp' to '../../../../../../Users/grogen/Documents/u4projekt/MyProject/Content/StarterContent/Maps/MyMap.umap'
[2018.08.05-14.40.05:470][412]LogSavePackage: Moving '../../../../../../Users/grogen/Documents/u4projekt/MyProject/Saved/MyMap3FF0762B45836B450BE1F69B9740FC43.tmp' to '../../../../../../Users/grogen/Documents/u4projekt/MyProject/Content/StarterContent/Maps/MyMap.umap'
[2018.08.05-14.40.05:727][417]LogSavePackage: Moving '../../../../../../Users/grogen/Documents/u4projekt/MyProject/Saved/MyMap73D6A2A44A477ABF8ECE17901EF6878E.tmp' to '../../../../../../Users/grogen/Documents/u4projekt/MyProject/Content/StarterContent/Maps/MyMap.umap'
[2018.08.05-14.40.06:048][424]LogSavePackage: Moving '../../../../../../Users/grogen/Documents/u4projekt/MyProject/Saved/MyMapEED58D06408CAD11EE88D48B56E2B8AD.tmp' to '../../../../../../Users/grogen/Documents/u4projekt/MyProject/Content/StarterContent/Maps/MyMap.umap'
[2018.08.05-14.40.11:906][601]LogEditorViewport: Clicking on Actor (double click): Brush (Box Brush)
[2018.08.05-14.40.25:227][  7]LogSlate: FSceneViewport::OnFocusLost() reason 2
[2018.08.05-14.40.38:022][483]LogSlate: FSceneViewport::OnFocusLost() reason 2
[2018.08.05-14.42.36:461][696]LogEditorViewport: Clicking Background
[2018.08.05-14.42.37:205][721]LogSlate: FSceneViewport::OnFocusLost() reason 0
[2018.08.05-14.42.37:548][734]LogActorFactory: Actor Factory created Cube
[2018.08.05-14.42.38:186][755]LogActorFactory: Actor Factory created Cube
[2018.08.05-14.42.49:466][111]LogEditorViewport: Clicking on Actor (LMB): StaticMeshActor (Cube)
[2018.08.05-14.42.54:648][215]LogSlate: FSceneViewport::OnFocusLost() reason 2
[2018.08.05-14.43.04:108][360]LogEditorViewport: Clicking Background
[2018.08.05-14.43.06:125][425]LogEditorViewport: Clicking on Actor (LMB): StaticMeshActor (Cube)
[2018.08.05-14.43.10:650][522]Cmd: DELETE
[2018.08.05-14.43.10:650][522]Cmd: ACTOR DELETE
[2018.08.05-14.43.10:667][522]LogEditorActor: Deleted Actor: StaticMeshActor
[2018.08.05-14.43.10:693][522]LogEditorActor: Deleted 1 Actors (0.031 secs)
[2018.08.05-14.43.15:965][694]LogSlate: FSceneViewport::OnFocusLost() reason 0
[2018.08.05-14.43.20:327][834]LogSavePackage: Moving '../../../../../../Users/grogen/Documents/u4projekt/MyProject/Saved/MyMap37334DFA4EAE37D0594716947D12A6D1.tmp' to '../../../../../../Users/grogen/Documents/u4projekt/MyProject/Content/StarterContent/Maps/MyMap.umap'
[2018.08.05-14.43.21:685][875]LogSlate: Window 'MyProject - Unreal Editor' being destroyed
[2018.08.05-14.43.21:938][876]Cmd: QUIT_EDITOR
[2018.08.05-14.43.21:959][876]LogWindowsTextInputMethodSystem: Display: IME system now deactivated.
[2018.08.05-14.43.21:973][876]LogExit: Preparing to exit.
[2018.08.05-14.43.22:897][876]LogExit: Editor shut down
[2018.08.05-14.43.22:898][876]LogExit: Transaction tracking system shut down
[2018.08.05-14.43.23:595][876]LogExit: Object subsystem successfully closed.
[2018.08.05-14.43.23:606][876]LogShaderCompilers: Display: Shaders left to compile 0
[2018.08.05-14.43.23:613][876]LogD3D11RHI: Shutdown
[2018.08.05-14.43.23:613][876]LogD3D11RHI: CleanupD3DDevice
[2018.08.05-14.43.23:638][876]LogD3D11RHI: ~FD3D11DynamicRHI
[2018.08.05-14.43.23:665][876]LogModuleManager: Shutting down and abandoning module HierarchicalLODUtilities (614)
[2018.08.05-14.43.23:665][876]LogModuleManager: Shutting down and abandoning module NewLevelDialog (612)
[2018.08.05-14.43.23:665][876]LogModuleManager: Shutting down and abandoning module HierarchicalLODOutliner (610)
[2018.08.05-14.43.23:665][876]LogModuleManager: Shutting down and abandoning module SceneOutliner (608)
[2018.08.05-14.43.23:665][876]LogModuleManager: Shutting down and abandoning module AddContentDialog (606)
[2018.08.05-14.43.23:665][876]LogModuleManager: Shutting down and abandoning module WidgetCarousel (605)
[2018.08.05-14.43.23:665][876]LogModuleManager: Shutting down and abandoning module EditorWidgets (602)
[2018.08.05-14.43.23:665][876]LogModuleManager: Shutting down and abandoning module CollectionManager (600)
[2018.08.05-14.43.23:666][876]LogModuleManager: Shutting down and abandoning module StatsViewer (598)
[2018.08.05-14.43.23:666][876]LogModuleManager: Shutting down and abandoning module FoliageEdit (596)
[2018.08.05-14.43.23:666][876]LogModuleManager: Shutting down and abandoning module LandscapeEditor (594)
[2018.08.05-14.43.23:666][876]LogModuleManager: Shutting down and abandoning module MeshPaintMode (592)
[2018.08.05-14.43.23:666][876]LogModuleManager: Shutting down and abandoning module SceneDepthPickerMode (590)
[2018.08.05-14.43.23:666][876]LogModuleManager: Shutting down and abandoning module ActorPickerMode (588)
[2018.08.05-14.43.23:666][876]LogModuleManager: Shutting down and abandoning module GeometryMode (586)
[2018.08.05-14.43.23:666][876]LogModuleManager: Shutting down and abandoning module TextureAlignMode (584)
[2018.08.05-14.43.23:666][876]LogModuleManager: Shutting down and abandoning module BspMode (582)
[2018.08.05-14.43.23:666][876]LogModuleManager: Shutting down and abandoning module PIEPreviewDeviceProfileSelector (580)
[2018.08.05-14.43.23:666][876]LogModuleManager: Shutting down and abandoning module SequenceRecorderSections (578)
[2018.08.05-14.43.23:666][876]LogModuleManager: Shutting down and abandoning module AutomationWorker (576)
[2018.08.05-14.43.23:666][876]LogModuleManager: Shutting down and abandoning module AudioCaptureEditor (574)
[2018.08.05-14.43.23:666][876]LogModuleManager: Shutting down and abandoning module SequenceRecorder (573)
[2018.08.05-14.43.23:666][876]LogModuleManager: Shutting down and abandoning module MatineeToLevelSequence (570)
[2018.08.05-14.43.23:666][876]LogModuleManager: Shutting down and abandoning module LevelSequenceEditor (568)
[2018.08.05-14.43.23:666][876]LogModuleManager: Shutting down and abandoning module PlacementMode (567)
[2018.08.05-14.43.23:666][876]LogModuleManager: Shutting down and abandoning module MaterialEditor (566)
[2018.08.05-14.43.23:666][876]LogModuleManager: Shutting down and abandoning module WmfMediaFactory (562)
[2018.08.05-14.43.23:666][876]LogModuleManager: Shutting down and abandoning module WmfMediaEditor (560)
[2018.08.05-14.43.23:666][876]LogModuleManager: Shutting down and abandoning module MediaPlayerEditor (558)
[2018.08.05-14.43.23:667][876]LogModuleManager: Shutting down and abandoning module OpenExrWrapper (556)
[2018.08.05-14.43.23:667][876]LogModuleManager: Shutting down and abandoning module ImgMediaFactory (554)
[2018.08.05-14.43.23:667][876]LogModuleManager: Shutting down and abandoning module ImgMediaEditor (552)
[2018.08.05-14.43.23:667][876]LogModuleManager: Shutting down and abandoning module AvfMediaFactory (550)
[2018.08.05-14.43.23:667][876]LogModuleManager: Shutting down and abandoning module AvfMediaEditor (548)
[2018.08.05-14.43.23:667][876]LogModuleManager: Shutting down and abandoning module AndroidMediaFactory (546)
[2018.08.05-14.43.23:667][876]LogModuleManager: Shutting down and abandoning module AndroidMediaEditor (544)
[2018.08.05-14.43.23:667][876]LogModuleManager: Shutting down and abandoning module MagicLeapCameraPreviewFactory (542)
[2018.08.05-14.43.23:667][876]LogModuleManager: Shutting down and abandoning module MagicLeapMediaFactory (540)
[2018.08.05-14.43.23:667][876]LogModuleManager: Shutting down and abandoning module MagicLeapMediaEditor (538)
[2018.08.05-14.43.23:667][876]LogModuleManager: Shutting down and abandoning module CharacterAI (536)
[2018.08.05-14.43.23:667][876]LogModuleManager: Shutting down and abandoning module SmartSnapping (534)
[2018.08.05-14.43.23:667][876]LogModuleManager: Shutting down and abandoning module SessionServices (532)
[2018.08.05-14.43.23:667][876]LogModuleManager: Shutting down and abandoning module ViewportSnapping (530)
[2018.08.05-14.43.23:667][876]LogModuleManager: Shutting down and abandoning module ViewportInteraction (528)
[2018.08.05-14.43.23:667][876]LogModuleManager: Shutting down and abandoning module ClothPainter (526)
[2018.08.05-14.43.23:667][876]LogModuleManager: Shutting down and abandoning module SkeletalMeshEditor (525)
[2018.08.05-14.43.23:667][876]LogModuleManager: Shutting down and abandoning module LogVisualizer (522)
[2018.08.05-14.43.23:667][876]LogModuleManager: Shutting down and abandoning module IntroTutorials (520)
[2018.08.05-14.43.23:667][876]LogModuleManager: Shutting down and abandoning module GameProjectGeneration (519)
[2018.08.05-14.43.23:667][876]LogModuleManager: Shutting down and abandoning module LuminPlatformEditor (516)
[2018.08.05-14.43.23:667][876]LogModuleManager: Shutting down and abandoning module IOSPlatformEditor (514)
[2018.08.05-14.43.23:667][876]LogModuleManager: Shutting down and abandoning module HTML5PlatformEditor (512)
[2018.08.05-14.43.23:667][876]LogModuleManager: Shutting down and abandoning module AndroidPlatformEditor (510)
[2018.08.05-14.43.23:667][876]LogModuleManager: Shutting down and abandoning module AndroidDeviceDetection (509)
[2018.08.05-14.43.24:127][876]LogModuleManager: Shutting down and abandoning module WindowsPlatformEditor (506)
[2018.08.05-14.43.24:127][876]LogModuleManager: Shutting down and abandoning module LuminRuntimeSettings (504)
[2018.08.05-14.43.24:127][876]LogModuleManager: Shutting down and abandoning module IOSRuntimeSettings (502)
[2018.08.05-14.43.24:127][876]LogModuleManager: Shutting down and abandoning module AndroidRuntimeSettings (500)
[2018.08.05-14.43.24:127][876]LogModuleManager: Shutting down and abandoning module InputBindingEditor (498)
[2018.08.05-14.43.24:128][876]LogModuleManager: Shutting down and abandoning module MergeActors (496)
[2018.08.05-14.43.24:128][876]LogModuleManager: Shutting down and abandoning module LocalizationDashboard (494)
[2018.08.05-14.43.24:128][876]LogModuleManager: Shutting down and abandoning module LocalizationService (493)
[2018.08.05-14.43.24:128][876]LogModuleManager: Shutting down and abandoning module HardwareTargeting (490)
[2018.08.05-14.43.24:128][876]LogModuleManager: Shutting down and abandoning module DeviceProfileEditor (488)
[2018.08.05-14.43.24:128][876]LogModuleManager: Shutting down and abandoning module UndoHistory (486)
[2018.08.05-14.43.24:128][876]LogModuleManager: Shutting down and abandoning module XmlParser (484)
[2018.08.05-14.43.24:128][876]LogModuleManager: Shutting down and abandoning module Blutility (482)
[2018.08.05-14.43.24:128][876]LogModuleManager: Shutting down and abandoning module ProjectSettingsViewer (480)
[2018.08.05-14.43.24:128][876]LogModuleManager: Shutting down and abandoning module ProjectTargetPlatformEditor (479)
[2018.08.05-14.43.24:128][876]LogModuleManager: Shutting down and abandoning module EditorSettingsViewer (476)
[2018.08.05-14.43.24:128][876]LogModuleManager: Shutting down and abandoning module SettingsEditor (474)
[2018.08.05-14.43.24:128][876]LogModuleManager: Shutting down and abandoning module ProjectLauncher (472)
[2018.08.05-14.43.24:128][876]LogModuleManager: Shutting down and abandoning module SessionFrontend (470)
[2018.08.05-14.43.24:128][876]LogModuleManager: Shutting down and abandoning module ProfilerClient (468)
[2018.08.05-14.43.24:128][876]LogModuleManager: Shutting down and abandoning module DeviceManager (466)
[2018.08.05-14.43.24:128][876]LogModuleManager: Shutting down and abandoning module TargetDeviceServices (465)
[2018.08.05-14.43.24:183][876]LogModuleManager: Shutting down and abandoning module AutomationController (462)
[2018.08.05-14.43.24:183][876]LogModuleManager: Shutting down and abandoning module AutomationWindow (460)
[2018.08.05-14.43.24:183][876]LogModuleManager: Shutting down and abandoning module Layers (458)
[2018.08.05-14.43.24:183][876]LogModuleManager: Shutting down and abandoning module ComponentVisualizers (456)
[2018.08.05-14.43.24:183][876]LogModuleManager: Shutting down and abandoning module DetailCustomizations (454)
[2018.08.05-14.43.24:183][876]LogModuleManager: Shutting down and abandoning module PackagesDialog (452)
[2018.08.05-14.43.24:184][876]LogModuleManager: Shutting down and abandoning module Persona (450)
[2018.08.05-14.43.24:184][876]LogModuleManager: Shutting down and abandoning module AdvancedPreviewScene (449)
[2018.08.05-14.43.24:184][876]LogModuleManager: Shutting down and abandoning module AnimGraph (447)
[2018.08.05-14.43.24:184][876]LogModuleManager: Shutting down and abandoning module Kismet (444)
[2018.08.05-14.43.24:184][876]LogModuleManager: Shutting down and abandoning module GraphEditor (442)
[2018.08.05-14.43.24:184][876]LogModuleManager: Shutting down and abandoning module ClassViewer (440)
[2018.08.05-14.43.24:185][876]LogModuleManager: Shutting down and abandoning module Toolbox (438)
[2018.08.05-14.43.24:185][876]LogModuleManager: Shutting down and abandoning module ModuleUI (436)
[2018.08.05-14.43.24:185][876]LogModuleManager: Shutting down and abandoning module MovieSceneTools (434)
[2018.08.05-14.43.24:185][876]LogModuleManager: Shutting down and abandoning module OutputLog (432)
[2018.08.05-14.43.24:185][876]LogModuleManager: Shutting down and abandoning module GammaUI (430)
[2018.08.05-14.43.24:185][876]LogModuleManager: Shutting down and abandoning module Documentation (428)
[2018.08.05-14.43.24:185][876]LogModuleManager: Shutting down and abandoning module MovieSceneTracks (426)
[2018.08.05-14.43.24:185][876]LogModuleManager: Shutting down and abandoning module MovieScene (424)
[2018.08.05-14.43.24:185][876]LogModuleManager: Shutting down and abandoning module StreamingPauseRendering (422)
[2018.08.05-14.43.24:185][876]LogModuleManager: Shutting down and abandoning module LauncherPlatform (420)
[2018.08.05-14.43.24:185][876]LogModuleManager: Shutting down and abandoning module AnalyticsET (418)
[2018.08.05-14.43.24:185][876]LogModuleManager: Shutting down and abandoning module PortalServices (416)
[2018.08.05-14.43.24:185][876]LogModuleManager: Shutting down and abandoning module PortalRpc (414)
[2018.08.05-14.43.24:185][876]LogModuleManager: Shutting down and abandoning module MessagingRpc (412)
[2018.08.05-14.43.24:185][876]LogModuleManager: Shutting down and abandoning module AIModule (410)
[2018.08.05-14.43.24:185][876]LogModuleManager: Shutting down and abandoning module GameplayDebugger (409)
[2018.08.05-14.43.24:185][876]LogModuleManager: Shutting down and abandoning module AITestSuite (407)
[2018.08.05-14.43.24:185][876]LogModuleManager: Shutting down and abandoning module NavigationSystem (405)
[2018.08.05-14.43.24:185][876]LogModuleManager: Shutting down and abandoning module DesktopPlatform (402)
[2018.08.05-14.43.24:185][876]LogModuleManager: Shutting down and abandoning module ProfilerService (400)
[2018.08.05-14.43.24:361][876]LogModuleManager: Shutting down and abandoning module TaskGraph (398)
[2018.08.05-14.43.24:361][876]LogModuleManager: Shutting down and abandoning module SteamVRController (396)
[2018.08.05-14.43.24:362][876]LogModuleManager: Shutting down and abandoning module ProceduralMeshComponentEditor (394)
[2018.08.05-14.43.24:362][876]LogModuleManager: Shutting down and abandoning module ProceduralMeshComponent (392)
[2018.08.05-14.43.24:362][876]LogModuleManager: Shutting down and abandoning module OculusInput (390)
[2018.08.05-14.43.24:362][876]LogModuleManager: Shutting down and abandoning module MobilePatchingUtils (388)
[2018.08.05-14.43.24:362][876]LogModuleManager: Shutting down and abandoning module EditableMesh (386)
[2018.08.05-14.43.24:362][876]LogModuleManager: Shutting down and abandoning module CustomMeshComponent (384)
[2018.08.05-14.43.24:362][876]LogModuleManager: Shutting down and abandoning module CableComponent (382)
[2018.08.05-14.43.24:362][876]LogModuleManager: Shutting down and abandoning module AudioCapture (380)
[2018.08.05-14.43.24:362][876]LogModuleManager: Shutting down and abandoning module ArchVisCharacter (378)
[2018.08.05-14.43.24:362][876]LogModuleManager: Shutting down and abandoning module AndroidPermission (376)
[2018.08.05-14.43.24:362][876]LogModuleManager: Shutting down and abandoning module NUTUnrealEngine4 (374)
[2018.08.05-14.43.24:362][876]LogModuleManager: Shutting down and abandoning module NetcodeUnitTest (372)
[2018.08.05-14.43.24:362][876]LogModuleManager: Shutting down and abandoning module MediaCompositingEditor (370)
[2018.08.05-14.43.24:362][876]LogModuleManager: Shutting down and abandoning module MediaCompositing (368)
[2018.08.05-14.43.24:362][876]LogModuleManager: Shutting down and abandoning module LinearTimecode (366)
[2018.08.05-14.43.24:362][876]LogModuleManager: Shutting down and abandoning module ImgMedia (364)
[2018.08.05-14.43.24:366][876]LogModuleManager: Shutting down and abandoning module HTML5Networking (362)
[2018.08.05-14.43.24:366][876]LogModuleManager: Shutting down and abandoning module GeometryCacheTracks (360)
[2018.08.05-14.43.24:366][876]LogModuleManager: Shutting down and abandoning module GeometryCacheSequencer (358)
[2018.08.05-14.43.24:366][876]LogModuleManager: Shutting down and abandoning module BackChannel (356)
[2018.08.05-14.43.24:367][876]LogModuleManager: Shutting down and abandoning module AppleVision (354)
[2018.08.05-14.43.24:367][876]LogModuleManager: Shutting down and abandoning module AppleImageUtils (352)
[2018.08.05-14.43.24:367][876]LogModuleManager: Shutting down and abandoning module AlembicImporter (350)
[2018.08.05-14.43.24:367][876]LogModuleManager: Shutting down and abandoning module AlembicLibrary (349)
[2018.08.05-14.43.24:367][876]LogModuleManager: Shutting down and abandoning module GeometryCache (348)
[2018.08.05-14.43.24:367][876]LogModuleManager: Shutting down and abandoning module GeometryCacheEd (347)
[2018.08.05-14.43.24:367][876]LogModuleManager: Shutting down and abandoning module DatasmithContentEditor (342)
[2018.08.05-14.43.24:367][876]LogModuleManager: Shutting down and abandoning module DatasmithContent (340)
[2018.08.05-14.43.24:367][876]LogModuleManager: Shutting down and abandoning module SpeedTreeImporter (338)
[2018.08.05-14.43.24:367][876]LogModuleManager: Shutting down and abandoning module PluginBrowser (336)
[2018.08.05-14.43.24:368][876]LogModuleManager: Shutting down and abandoning module MobileLauncherProfileWizard (334)
[2018.08.05-14.43.24:368][876]LogModuleManager: Shutting down and abandoning module PolygonModeling (332)
[2018.08.05-14.43.24:368][876]LogModuleManager: Shutting down and abandoning module MeshEditor (330)
[2018.08.05-14.43.24:368][876]LogModuleManager: Shutting down and abandoning module CryptoKeysOpenSSL (328)
[2018.08.05-14.43.24:368][876]LogModuleManager: Shutting down and abandoning module CryptoKeys (326)
[2018.08.05-14.43.24:368][876]LogModuleManager: Shutting down and abandoning module VisualStudioSourceCodeAccess (324)
[2018.08.05-14.43.24:368][876]LogModuleManager: Shutting down and abandoning module VisualStudioCodeSourceCodeAccess (322)
[2018.08.05-14.43.24:368][876]LogModuleManager: Shutting down and abandoning module UObjectPlugin (320)
[2018.08.05-14.43.24:368][876]LogModuleManager: Shutting down and abandoning module SubversionSourceControl (318)
[2018.08.05-14.43.24:368][876]LogModuleManager: Shutting down and abandoning module PerforceSourceControl (316)
[2018.08.05-14.43.24:368][876]LogModuleManager: Shutting down and abandoning module GitSourceControl (314)
[2018.08.05-14.43.24:368][876]LogModuleManager: Shutting down and abandoning module SourceControl (313)
[2018.08.05-14.43.24:368][876]LogModuleManager: Shutting down and abandoning module CLionSourceCodeAccess (310)
[2018.08.05-14.43.24:368][876]LogModuleManager: Shutting down and abandoning module LightPropagationVolumeEditor (308)
[2018.08.05-14.43.24:368][876]LogModuleManager: Shutting down and abandoning module PaperTiledImporter (306)
[2018.08.05-14.43.24:368][876]LogModuleManager: Shutting down and abandoning module PaperSpriteSheetImporter (304)
[2018.08.05-14.43.24:368][876]LogModuleManager: Shutting down and abandoning module Paper2DEditor (302)
[2018.08.05-14.43.24:369][876]LogModuleManager: Shutting down and abandoning module MeshPaint (301)
[2018.08.05-14.43.24:369][876]LogModuleManager: Shutting down and abandoning module RuntimePhysXCooking (298)
[2018.08.05-14.43.24:369][876]LogModuleManager: Shutting down and abandoning module PhysXVehiclesEditor (296)
[2018.08.05-14.43.24:369][876]LogModuleManager: Shutting down and abandoning module PhysXVehicles (294)
[2018.08.05-14.43.24:369][876]LogModuleManager: Shutting down and abandoning module OculusEditor (292)
[2018.08.05-14.43.24:369][876]LogModuleManager: Shutting down and abandoning module LocationServicesBPLibrary (290)
[2018.08.05-14.43.24:369][876]LogModuleManager: Shutting down and abandoning module ImmediatePhysicsEditor (288)
[2018.08.05-14.43.24:369][876]LogModuleManager: Shutting down and abandoning module ImmediatePhysics (286)
[2018.08.05-14.43.24:369][876]LogModuleManager: Shutting down and abandoning module ActorSequence (284)
[2018.08.05-14.43.24:369][876]LogModuleManager: Shutting down and abandoning module UdpMessaging (282)
[2018.08.05-14.43.24:470][876]LogModuleManager: Shutting down and abandoning module TcpMessaging (280)
[2018.08.05-14.43.24:570][876]LogModuleManager: Shutting down and abandoning module MagicLeapAudio (278)
[2018.08.05-14.43.24:570][876]LogModuleManager: Shutting down and abandoning module GameplayTagsEditor (276)
[2018.08.05-14.43.24:570][876]LogModuleManager: Shutting down and abandoning module FacialAnimationEditor (274)
[2018.08.05-14.43.24:570][876]LogModuleManager: Shutting down and abandoning module FacialAnimation (272)
[2018.08.05-14.43.24:570][876]LogModuleManager: Shutting down and abandoning module DataValidation (270)
[2018.08.05-14.43.24:570][876]LogModuleManager: Shutting down and abandoning module AssetManagerEditor (268)
[2018.08.05-14.43.24:570][876]LogModuleManager: Shutting down and abandoning module LevelEditor (267)
[2018.08.05-14.43.24:571][876]LogModuleManager: Shutting down and abandoning module PixelInspectorModule (266)
[2018.08.05-14.43.24:571][876]LogModuleManager: Shutting down and abandoning module CommonMenuExtensions (264)
[2018.08.05-14.43.24:571][876]LogModuleManager: Shutting down and abandoning module MainFrame (262)
[2018.08.05-14.43.24:571][876]LogModuleManager: Shutting down and abandoning module HotReload (261)
[2018.08.05-14.43.24:571][876]LogModuleManager: Shutting down and abandoning module ContentBrowser (257)
[2018.08.05-14.43.24:573][876]LogModuleManager: Shutting down and abandoning module TreeMap (255)
[2018.08.05-14.43.24:573][876]LogModuleManager: Shutting down and abandoning module LightPropagationVolumeRuntime (252)
[2018.08.05-14.43.24:573][876]LogModuleManager: Shutting down and abandoning module AISupportModule (250)
[2018.08.05-14.43.24:573][876]LogModuleManager: Shutting down and abandoning module Paper2D (248)
[2018.08.05-14.43.24:573][876]LogModuleManager: Shutting down and abandoning module WindowsMoviePlayer (246)
[2018.08.05-14.43.24:573][876]LogModuleManager: Shutting down and abandoning module WmfMedia (244)
[2018.08.05-14.43.24:577][876]LogModuleManager: Shutting down and abandoning module Media (243)
[2018.08.05-14.43.24:583][876]LogModuleManager: Shutting down and abandoning module PacketHandler (240)
[2018.08.05-14.43.24:583][876]LogModuleManager: Shutting down and abandoning module ClothingSystemEditor (238)
[2018.08.05-14.43.24:583][876]LogModuleManager: Shutting down and abandoning module ClothingSystemRuntime (236)
[2018.08.05-14.43.24:584][876]LogModuleManager: Shutting down and abandoning module MediaAssets (234)
[2018.08.05-14.43.24:584][876]LogModuleManager: Shutting down and abandoning module Overlay (232)
[2018.08.05-14.43.24:584][876]LogModuleManager: Shutting down and abandoning module OverlayEditor (231)
[2018.08.05-14.43.24:584][876]LogModuleManager: Shutting down and abandoning module VREditor (228)
[2018.08.05-14.43.24:584][876]LogModuleManager: Shutting down and abandoning module StringTableEditor (226)
[2018.08.05-14.43.24:584][876]LogModuleManager: Shutting down and abandoning module GameplayTasksEditor (224)
[2018.08.05-14.43.24:584][876]LogModuleManager: Shutting down and abandoning module BehaviorTreeEditor (222)
[2018.08.05-14.43.24:584][876]LogModuleManager: Shutting down and abandoning module FunctionalTesting (220)
[2018.08.05-14.43.24:584][876]LogModuleManager: Shutting down and abandoning module CollisionAnalyzer (218)
[2018.08.05-14.43.24:584][876]LogModuleManager: Shutting down and abandoning module WorkspaceMenuStructure (217)
[2018.08.05-14.43.24:584][876]LogModuleManager: Shutting down and abandoning module UMG (214)
[2018.08.05-14.43.24:584][876]LogModuleManager: Shutting down and abandoning module UMGEditor (213)
[2018.08.05-14.43.24:584][876]LogModuleManager: Shutting down and abandoning module Sequencer (212)
[2018.08.05-14.43.24:584][876]LogModuleManager: Shutting down and abandoning module MessageLog (209)
[2018.08.05-14.43.24:584][876]LogModuleManager: Shutting down and abandoning module SlateReflector (204)
[2018.08.05-14.43.24:584][876]LogModuleManager: Shutting down and abandoning module Slate (202)
[2018.08.05-14.43.24:584][876]LogModuleManager: Shutting down and abandoning module EditorStyle (200)
[2018.08.05-14.43.24:587][876]LogModuleManager: Shutting down and abandoning module MRMesh (198)
[2018.08.05-14.43.24:587][876]LogModuleManager: Shutting down and abandoning module SourceCodeAccess (196)
[2018.08.05-14.43.24:587][876]LogModuleManager: Shutting down and abandoning module HeadMountedDisplay (194)
[2018.08.05-14.43.24:587][876]LogModuleManager: Shutting down and abandoning module XAudio2 (192)
[2018.08.05-14.43.24:587][876]LogModuleManager: Shutting down and abandoning module Networking (190)
[2018.08.05-14.43.24:587][876]LogModuleManager: Shutting down and abandoning module Core (188)
[2018.08.05-14.43.24:587][876]LogModuleManager: Shutting down and abandoning module LevelSequence (186)
[2018.08.05-14.43.24:587][876]LogModuleManager: Shutting down and abandoning module KismetCompiler (184)
[2018.08.05-14.43.24:587][876]LogModuleManager: Shutting down and abandoning module MeshUtilities (182)
[2018.08.05-14.43.24:587][876]LogModuleManager: Shutting down and abandoning module MeshMergeUtilities (181)
[2018.08.05-14.43.24:587][876]LogModuleManager: Shutting down and abandoning module MeshReductionInterface (180)
[2018.08.05-14.43.24:588][876]LogModuleManager: Shutting down and abandoning module SimplygonSwarm (179)
[2018.08.05-14.43.24:588][876]LogModuleManager: Shutting down and abandoning module ProxyLODMeshReduction (177)
[2018.08.05-14.43.24:588][876]LogModuleManager: Shutting down and abandoning module SimplygonMeshReduction (175)
[2018.08.05-14.43.24:588][876]LogModuleManager: Shutting down and abandoning module QuadricMeshReduction (173)
[2018.08.05-14.43.24:588][876]LogModuleManager: Shutting down and abandoning module MaterialBaking (169)
[2018.08.05-14.43.24:588][876]LogModuleManager: Shutting down and abandoning module DirectoryWatcher (165)
[2018.08.05-14.43.24:590][876]LogModuleManager: Shutting down and abandoning module DerivedDataCache (162)
[2018.08.05-14.43.24:655][876]LogDerivedDataCache: Shutdown
[2018.08.05-14.43.24:655][876]LogModuleManager: Shutting down and abandoning module XGEController (160)
[2018.08.05-14.43.24:655][876]LogXGEController: Cleaning working directory: C:/Users/grogen/AppData/Local/Temp/UnrealXGEWorkingDir/
[2018.08.05-14.43.24:656][876]LogModuleManager: Shutting down and abandoning module TargetPlatform (158)
[2018.08.05-14.43.24:656][876]LogModuleManager: Shutting down and abandoning module VulkanShaderFormat (157)
[2018.08.05-14.43.24:656][876]LogModuleManager: Shutting down and abandoning module ShaderFormatVectorVM (155)
[2018.08.05-14.43.24:656][876]LogModuleManager: Shutting down and abandoning module ShaderFormatOpenGL (153)
[2018.08.05-14.43.24:656][876]LogModuleManager: Shutting down and abandoning module ShaderFormatD3D (151)
[2018.08.05-14.43.24:656][876]LogModuleManager: Shutting down and abandoning module MetalShaderFormat (149)
[2018.08.05-14.43.24:656][876]LogModuleManager: Shutting down and abandoning module TextureFormatUncompressed (147)
[2018.08.05-14.43.24:656][876]LogModuleManager: Shutting down and abandoning module TextureFormatPVR (145)
[2018.08.05-14.43.24:656][876]LogModuleManager: Shutting down and abandoning module TextureFormatDXT (143)
[2018.08.05-14.43.24:656][876]LogModuleManager: Shutting down and abandoning module TextureFormatIntelISPCTexComp (141)
[2018.08.05-14.43.24:656][876]LogModuleManager: Shutting down and abandoning module TextureFormatASTC (139)
[2018.08.05-14.43.24:656][876]LogModuleManager: Shutting down and abandoning module ImageWrapper (138)
[2018.08.05-14.43.24:656][876]LogModuleManager: Shutting down and abandoning module TextureFormatAndroid (135)
[2018.08.05-14.43.24:656][876]LogModuleManager: Shutting down and abandoning module AudioFormatOpus (133)
[2018.08.05-14.43.24:656][876]LogModuleManager: Shutting down and abandoning module AudioFormatOgg (131)
[2018.08.05-14.43.24:656][876]LogModuleManager: Shutting down and abandoning module AudioFormatADPCM (129)
[2018.08.05-14.43.24:656][876]LogModuleManager: Shutting down and abandoning module LuminTargetPlatform (127)
[2018.08.05-14.43.24:656][876]LogModuleManager: Shutting down and abandoning module LinuxTargetPlatform (125)
[2018.08.05-14.43.24:656][876]LogModuleManager: Shutting down and abandoning module LinuxServerTargetPlatform (123)
[2018.08.05-14.43.24:656][876]LogModuleManager: Shutting down and abandoning module LinuxNoEditorTargetPlatform (121)
[2018.08.05-14.43.24:656][876]LogModuleManager: Shutting down and abandoning module LinuxClientTargetPlatform (119)
[2018.08.05-14.43.24:656][876]LogModuleManager: Shutting down and abandoning module TVOSTargetPlatform (117)
[2018.08.05-14.43.24:658][876]LogModuleManager: Shutting down and abandoning module Messaging (115)
[2018.08.05-14.43.24:658][876]LogModuleManager: Shutting down and abandoning module IOSTargetPlatform (113)
[2018.08.05-14.43.24:659][876]LogModuleManager: Shutting down and abandoning module HTML5TargetPlatform (111)
[2018.08.05-14.43.24:659][876]LogModuleManager: Shutting down and abandoning module AndroidTargetPlatform (109)
[2018.08.05-14.43.24:669][876]LogModuleManager: Shutting down and abandoning module WindowsTargetPlatform (107)
[2018.08.05-14.43.24:669][876]LogModuleManager: Shutting down and abandoning module WindowsServerTargetPlatform (105)
[2018.08.05-14.43.24:669][876]LogModuleManager: Shutting down and abandoning module WindowsNoEditorTargetPlatform (103)
[2018.08.05-14.43.24:669][876]LogModuleManager: Shutting down and abandoning module WindowsClientTargetPlatform (101)
[2018.08.05-14.43.24:669][876]LogModuleManager: Shutting down and abandoning module MacTargetPlatform (99)
[2018.08.05-14.43.24:669][876]LogModuleManager: Shutting down and abandoning module MacServerTargetPlatform (97)
[2018.08.05-14.43.24:669][876]LogModuleManager: Shutting down and abandoning module MacNoEditorTargetPlatform (95)
[2018.08.05-14.43.24:669][876]LogModuleManager: Shutting down and abandoning module MacClientTargetPlatform (93)
[2018.08.05-14.43.24:669][876]LogModuleManager: Shutting down and abandoning module AllDesktopTargetPlatform (91)
[2018.08.05-14.43.24:670][876]LogModuleManager: Shutting down and abandoning module InputCore (88)
[2018.08.05-14.43.24:670][876]LogModuleManager: Shutting down and abandoning module Settings (86)
[2018.08.05-14.43.24:670][876]LogModuleManager: Shutting down and abandoning module PhysXCooking (84)
[2018.08.05-14.43.24:670][876]LogModuleManager: Shutting down and abandoning module SteamVR (82)
[2018.08.05-14.43.24:670][876]LogModuleManager: Shutting down and abandoning module OculusHMD (80)
[2018.08.05-14.43.24:670][876]LogModuleManager: Shutting down and abandoning module ExampleDeviceProfileSelector (78)
[2018.08.05-14.43.24:670][876]LogModuleManager: Shutting down and abandoning module LauncherChunkInstaller (76)
[2018.08.05-14.43.24:670][876]LogModuleManager: Shutting down and abandoning module OnlineBlueprintSupport (74)
[2018.08.05-14.43.24:670][876]LogModuleManager: Shutting down and abandoning module OnlineSubsystem (70)
[2018.08.05-14.43.24:671][876]LogModuleManager: Shutting down and abandoning module XMPP (65)
[2018.08.05-14.43.24:671][876]LogModuleManager: Shutting down and abandoning module WebSockets (64)
[2018.08.05-14.43.24:702][876]LogModuleManager: Shutting down and abandoning module HTTP (61)
[2018.08.05-14.43.24:702][876]LogHttp: Display: Http module shutting down, but needs to wait on 1 outstanding Http requests:
[2018.08.05-14.43.24:702][876]LogHttp: Display: 	verb=[POST] url=[https://datarouter.ol.epicgames.com/datarouter/api/v1/public/data?SessionID=%7B0130A8F3-494F-887B-A086-C588AC5E420F%7D&AppID=UEEditor.Rocket.Release&AppVersion=4.20.1-4233996%2B%2B%2BUE4%2BRelease-4.20&UserID=c83c91514ba61eecd798c89f7f445ec6%7C22d4a910bc43403abdc3dab1c8ff403e%7Cbf6ed836-2386-43b5-a97d-d2f24eff7427&AppEnvironment=datacollector-binary&UploadType=eteventstream] status=Processing
[2018.08.05-14.43.24:707][876]LogModuleManager: Shutting down and abandoning module SSL (60)
[2018.08.05-14.43.24:709][876]LogModuleManager: Shutting down and abandoning module MagicLeapEmulator (56)
[2018.08.05-14.43.24:709][876]LogModuleManager: Shutting down and abandoning module MagicLeapPrivileges (54)
[2018.08.05-14.43.24:709][876]LogModuleManager: Shutting down and abandoning module MagicLeapIdentity (52)
[2018.08.05-14.43.24:709][876]LogModuleManager: Shutting down and abandoning module MagicLeapHelperVulkan (50)
[2018.08.05-14.43.24:709][876]LogModuleManager: Shutting down and abandoning module MagicLeapHelperOpenGL (48)
[2018.08.05-14.43.24:709][876]LogModuleManager: Shutting down and abandoning module MagicLeapSecureStorage (46)
[2018.08.05-14.43.24:709][876]LogModuleManager: Shutting down and abandoning module MagicLeapGestures (44)
[2018.08.05-14.43.24:709][876]LogModuleManager: Shutting down and abandoning module MagicLeapEyeTracker (42)
[2018.08.05-14.43.24:709][876]LogModuleManager: Shutting down and abandoning module MagicLeapController (40)
[2018.08.05-14.43.24:709][876]LogSlate: Slate User Destroyed.  User Index 0, Is Virtual User: 0
[2018.08.05-14.43.24:709][876]LogModuleManager: Shutting down and abandoning module MagicLeap (38)
[2018.08.05-14.43.24:709][876]LogModuleManager: Shutting down and abandoning module AnimationModifiers (36)
[2018.08.05-14.43.24:709][876]LogModuleManager: Shutting down and abandoning module PropertyEditor (35)
[2018.08.05-14.43.24:709][876]LogModuleManager: Shutting down and abandoning module AudioEditor (32)
[2018.08.05-14.43.24:710][876]LogModuleManager: Shutting down and abandoning module TextureCompressor (30)
[2018.08.05-14.43.24:710][876]LogModuleManager: Shutting down and abandoning module ShaderCore (28)
[2018.08.05-14.43.24:710][876]LogModuleManager: Shutting down and abandoning module Landscape (26)
[2018.08.05-14.43.24:710][876]LogModuleManager: Shutting down and abandoning module SlateRHIRenderer (24)
[2018.08.05-14.43.24:710][876]LogModuleManager: Shutting down and abandoning module OpenGLDrv (22)
[2018.08.05-14.43.24:710][876]LogModuleManager: Shutting down and abandoning module D3D11RHI (20)
[2018.08.05-14.43.24:710][876]LogModuleManager: Shutting down and abandoning module AnimGraphRuntime (18)
[2018.08.05-14.43.24:710][876]LogModuleManager: Shutting down and abandoning module Renderer (16)
[2018.08.05-14.43.24:710][876]LogModuleManager: Shutting down and abandoning module Engine (14)
[2018.08.05-14.43.24:710][876]LogModuleManager: Shutting down and abandoning module CoreUObject (12)
[2018.08.05-14.43.24:710][876]LogModuleManager: Shutting down and abandoning module NetworkFile (10)
[2018.08.05-14.43.24:710][876]LogModuleManager: Shutting down and abandoning module CookedIterativeFile (8)
[2018.08.05-14.43.24:710][876]LogModuleManager: Shutting down and abandoning module StreamingFile (6)
[2018.08.05-14.43.24:710][876]LogModuleManager: Shutting down and abandoning module SandboxFile (4)
[2018.08.05-14.43.24:710][876]LogModuleManager: Shutting down and abandoning module PakFile (2)
[2018.08.05-14.43.24:715][876]LogExit: Exiting.
[2018.08.05-14.43.24:757][876]Log file closed, 08/05/18 16:43:24
